INFO:werkzeug:[31m[1mWARNING: This is a development server. Do not use it in a production deployment. Use a production WSGI server instead.[0m
 * Running on http://127.0.0.1:5000
INFO:werkzeug:[33mPress CTRL+C to quit[0m
INFO:werkzeug:[31m[1mWARNING: This is a development server. Do not use it in a production deployment. Use a production WSGI server instead.[0m
 * Running on http://127.0.0.1:5000
INFO:werkzeug:[33mPress CTRL+C to quit[0m
INFO:werkzeug:127.0.0.1 - - [23/Aug/2022 18:13:38] "GET / HTTP/1.1" 200 -
INFO:werkzeug:127.0.0.1 - - [23/Aug/2022 18:13:38] "[36mGET /static/style.css HTTP/1.1[0m" 304 -
INFO:root:Выполняю поиск
INFO:root:Файл не найден
INFO:werkzeug:127.0.0.1 - - [23/Aug/2022 18:13:41] "GET /search/?s= HTTP/1.1" 200 -
INFO:werkzeug:[31m[1mWARNING: This is a development server. Do not use it in a production deployment. Use a production WSGI server instead.[0m
 * Running on http://127.0.0.1:5000
INFO:werkzeug:[33mPress CTRL+C to quit[0m
INFO:root:Выполняю поиск
INFO:werkzeug:127.0.0.1 - - [23/Aug/2022 18:14:12] "GET /search/?s= HTTP/1.1" 200 -
INFO:werkzeug:127.0.0.1 - - [23/Aug/2022 18:14:12] "[36mGET /static/style.css HTTP/1.1[0m" 304 -
INFO:werkzeug:127.0.0.1 - - [23/Aug/2022 18:14:12] "[36mGET /uploads/images/Bankoboev.Ru_vecher_v_gorah_u_ozera_i_polnaya_luna.jpg HTTP/1.1[0m" 304 -
INFO:werkzeug:127.0.0.1 - - [23/Aug/2022 18:14:16] "GET / HTTP/1.1" 200 -
INFO:werkzeug:127.0.0.1 - - [23/Aug/2022 18:14:16] "[36mGET /static/style.css HTTP/1.1[0m" 304 -
INFO:werkzeug:[31m[1mWARNING: This is a development server. Do not use it in a production deployment. Use a production WSGI server instead.[0m
 * Running on http://127.0.0.1:5000
INFO:werkzeug:[33mPress CTRL+C to quit[0m
ERROR:app:Exception on / [GET]
Traceback (most recent call last):
  File "/home/mikolafpr/Документы/PycharmProjects/homework12/venv/lib/python3.9/site-packages/flask/app.py", line 2525, in wsgi_app
    response = self.full_dispatch_request()
  File "/home/mikolafpr/Документы/PycharmProjects/homework12/venv/lib/python3.9/site-packages/flask/app.py", line 1822, in full_dispatch_request
    rv = self.handle_user_exception(e)
  File "/home/mikolafpr/Документы/PycharmProjects/homework12/venv/lib/python3.9/site-packages/flask/app.py", line 1820, in full_dispatch_request
    rv = self.dispatch_request()
  File "/home/mikolafpr/Документы/PycharmProjects/homework12/venv/lib/python3.9/site-packages/flask/app.py", line 1796, in dispatch_request
    return self.ensure_sync(self.view_functions[rule.endpoint])(**view_args)
  File "/home/mikolafpr/Документы/PycharmProjects/homework12/main/views.py", line 12, in main_page
    return render_template('templates/index.html')
  File "/home/mikolafpr/Документы/PycharmProjects/homework12/venv/lib/python3.9/site-packages/flask/templating.py", line 146, in render_template
    template = app.jinja_env.get_or_select_template(template_name_or_list)
  File "/home/mikolafpr/Документы/PycharmProjects/homework12/venv/lib/python3.9/site-packages/jinja2/environment.py", line 1081, in get_or_select_template
    return self.get_template(template_name_or_list, parent, globals)
  File "/home/mikolafpr/Документы/PycharmProjects/homework12/venv/lib/python3.9/site-packages/jinja2/environment.py", line 1010, in get_template
    return self._load_template(name, globals)
  File "/home/mikolafpr/Документы/PycharmProjects/homework12/venv/lib/python3.9/site-packages/jinja2/environment.py", line 969, in _load_template
    template = self.loader.load(self, name, self.make_globals(globals))
  File "/home/mikolafpr/Документы/PycharmProjects/homework12/venv/lib/python3.9/site-packages/jinja2/loaders.py", line 126, in load
    source, filename, uptodate = self.get_source(environment, name)
  File "/home/mikolafpr/Документы/PycharmProjects/homework12/venv/lib/python3.9/site-packages/flask/templating.py", line 62, in get_source
    return self._get_source_fast(environment, template)
  File "/home/mikolafpr/Документы/PycharmProjects/homework12/venv/lib/python3.9/site-packages/flask/templating.py", line 98, in _get_source_fast
    raise TemplateNotFound(template)
jinja2.exceptions.TemplateNotFound: templates/index.html
INFO:werkzeug:127.0.0.1 - - [23/Aug/2022 18:16:41] "[35m[1mGET / HTTP/1.1[0m" 500 -
INFO:werkzeug:[31m[1mWARNING: This is a development server. Do not use it in a production deployment. Use a production WSGI server instead.[0m
 * Running on http://127.0.0.1:5000
INFO:werkzeug:[33mPress CTRL+C to quit[0m
ERROR:app:Exception on / [GET]
Traceback (most recent call last):
  File "/home/mikolafpr/Документы/PycharmProjects/homework12/venv/lib/python3.9/site-packages/flask/app.py", line 2525, in wsgi_app
    response = self.full_dispatch_request()
  File "/home/mikolafpr/Документы/PycharmProjects/homework12/venv/lib/python3.9/site-packages/flask/app.py", line 1822, in full_dispatch_request
    rv = self.handle_user_exception(e)
  File "/home/mikolafpr/Документы/PycharmProjects/homework12/venv/lib/python3.9/site-packages/flask/app.py", line 1820, in full_dispatch_request
    rv = self.dispatch_request()
  File "/home/mikolafpr/Документы/PycharmProjects/homework12/venv/lib/python3.9/site-packages/flask/app.py", line 1796, in dispatch_request
    return self.ensure_sync(self.view_functions[rule.endpoint])(**view_args)
  File "/home/mikolafpr/Документы/PycharmProjects/homework12/main/views.py", line 12, in main_page
    return render_template('templates/index.html')
  File "/home/mikolafpr/Документы/PycharmProjects/homework12/venv/lib/python3.9/site-packages/flask/templating.py", line 146, in render_template
    template = app.jinja_env.get_or_select_template(template_name_or_list)
  File "/home/mikolafpr/Документы/PycharmProjects/homework12/venv/lib/python3.9/site-packages/jinja2/environment.py", line 1081, in get_or_select_template
    return self.get_template(template_name_or_list, parent, globals)
  File "/home/mikolafpr/Документы/PycharmProjects/homework12/venv/lib/python3.9/site-packages/jinja2/environment.py", line 1010, in get_template
    return self._load_template(name, globals)
  File "/home/mikolafpr/Документы/PycharmProjects/homework12/venv/lib/python3.9/site-packages/jinja2/environment.py", line 969, in _load_template
    template = self.loader.load(self, name, self.make_globals(globals))
  File "/home/mikolafpr/Документы/PycharmProjects/homework12/venv/lib/python3.9/site-packages/jinja2/loaders.py", line 126, in load
    source, filename, uptodate = self.get_source(environment, name)
  File "/home/mikolafpr/Документы/PycharmProjects/homework12/venv/lib/python3.9/site-packages/flask/templating.py", line 62, in get_source
    return self._get_source_fast(environment, template)
  File "/home/mikolafpr/Документы/PycharmProjects/homework12/venv/lib/python3.9/site-packages/flask/templating.py", line 98, in _get_source_fast
    raise TemplateNotFound(template)
jinja2.exceptions.TemplateNotFound: templates/index.html
INFO:werkzeug:127.0.0.1 - - [23/Aug/2022 18:18:43] "[35m[1mGET / HTTP/1.1[0m" 500 -
ERROR:app:Exception on / [GET]
Traceback (most recent call last):
  File "/home/mikolafpr/Документы/PycharmProjects/homework12/venv/lib/python3.9/site-packages/flask/app.py", line 2525, in wsgi_app
    response = self.full_dispatch_request()
  File "/home/mikolafpr/Документы/PycharmProjects/homework12/venv/lib/python3.9/site-packages/flask/app.py", line 1822, in full_dispatch_request
    rv = self.handle_user_exception(e)
  File "/home/mikolafpr/Документы/PycharmProjects/homework12/venv/lib/python3.9/site-packages/flask/app.py", line 1820, in full_dispatch_request
    rv = self.dispatch_request()
  File "/home/mikolafpr/Документы/PycharmProjects/homework12/venv/lib/python3.9/site-packages/flask/app.py", line 1796, in dispatch_request
    return self.ensure_sync(self.view_functions[rule.endpoint])(**view_args)
  File "/home/mikolafpr/Документы/PycharmProjects/homework12/main/views.py", line 12, in main_page
    return render_template('templates/index.html')
  File "/home/mikolafpr/Документы/PycharmProjects/homework12/venv/lib/python3.9/site-packages/flask/templating.py", line 146, in render_template
    template = app.jinja_env.get_or_select_template(template_name_or_list)
  File "/home/mikolafpr/Документы/PycharmProjects/homework12/venv/lib/python3.9/site-packages/jinja2/environment.py", line 1081, in get_or_select_template
    return self.get_template(template_name_or_list, parent, globals)
  File "/home/mikolafpr/Документы/PycharmProjects/homework12/venv/lib/python3.9/site-packages/jinja2/environment.py", line 1010, in get_template
    return self._load_template(name, globals)
  File "/home/mikolafpr/Документы/PycharmProjects/homework12/venv/lib/python3.9/site-packages/jinja2/environment.py", line 969, in _load_template
    template = self.loader.load(self, name, self.make_globals(globals))
  File "/home/mikolafpr/Документы/PycharmProjects/homework12/venv/lib/python3.9/site-packages/jinja2/loaders.py", line 126, in load
    source, filename, uptodate = self.get_source(environment, name)
  File "/home/mikolafpr/Документы/PycharmProjects/homework12/venv/lib/python3.9/site-packages/flask/templating.py", line 62, in get_source
    return self._get_source_fast(environment, template)
  File "/home/mikolafpr/Документы/PycharmProjects/homework12/venv/lib/python3.9/site-packages/flask/templating.py", line 98, in _get_source_fast
    raise TemplateNotFound(template)
jinja2.exceptions.TemplateNotFound: templates/index.html
INFO:werkzeug:127.0.0.1 - - [23/Aug/2022 18:18:44] "[35m[1mGET / HTTP/1.1[0m" 500 -
INFO:werkzeug:[31m[1mWARNING: This is a development server. Do not use it in a production deployment. Use a production WSGI server instead.[0m
 * Running on http://127.0.0.1:5000
INFO:werkzeug:[33mPress CTRL+C to quit[0m
ERROR:app:Exception on / [GET]
Traceback (most recent call last):
  File "/home/mikolafpr/Документы/PycharmProjects/homework12/venv/lib/python3.9/site-packages/flask/app.py", line 2525, in wsgi_app
    response = self.full_dispatch_request()
  File "/home/mikolafpr/Документы/PycharmProjects/homework12/venv/lib/python3.9/site-packages/flask/app.py", line 1822, in full_dispatch_request
    rv = self.handle_user_exception(e)
  File "/home/mikolafpr/Документы/PycharmProjects/homework12/venv/lib/python3.9/site-packages/flask/app.py", line 1820, in full_dispatch_request
    rv = self.dispatch_request()
  File "/home/mikolafpr/Документы/PycharmProjects/homework12/venv/lib/python3.9/site-packages/flask/app.py", line 1796, in dispatch_request
    return self.ensure_sync(self.view_functions[rule.endpoint])(**view_args)
  File "/home/mikolafpr/Документы/PycharmProjects/homework12/main/views.py", line 12, in main_page
    return render_template('templates/index.html')
  File "/home/mikolafpr/Документы/PycharmProjects/homework12/venv/lib/python3.9/site-packages/flask/templating.py", line 146, in render_template
    template = app.jinja_env.get_or_select_template(template_name_or_list)
  File "/home/mikolafpr/Документы/PycharmProjects/homework12/venv/lib/python3.9/site-packages/jinja2/environment.py", line 1081, in get_or_select_template
    return self.get_template(template_name_or_list, parent, globals)
  File "/home/mikolafpr/Документы/PycharmProjects/homework12/venv/lib/python3.9/site-packages/jinja2/environment.py", line 1010, in get_template
    return self._load_template(name, globals)
  File "/home/mikolafpr/Документы/PycharmProjects/homework12/venv/lib/python3.9/site-packages/jinja2/environment.py", line 969, in _load_template
    template = self.loader.load(self, name, self.make_globals(globals))
  File "/home/mikolafpr/Документы/PycharmProjects/homework12/venv/lib/python3.9/site-packages/jinja2/loaders.py", line 126, in load
    source, filename, uptodate = self.get_source(environment, name)
  File "/home/mikolafpr/Документы/PycharmProjects/homework12/venv/lib/python3.9/site-packages/flask/templating.py", line 62, in get_source
    return self._get_source_fast(environment, template)
  File "/home/mikolafpr/Документы/PycharmProjects/homework12/venv/lib/python3.9/site-packages/flask/templating.py", line 98, in _get_source_fast
    raise TemplateNotFound(template)
jinja2.exceptions.TemplateNotFound: templates/index.html
INFO:werkzeug:127.0.0.1 - - [23/Aug/2022 18:22:06] "[35m[1mGET / HTTP/1.1[0m" 500 -
INFO:werkzeug:[31m[1mWARNING: This is a development server. Do not use it in a production deployment. Use a production WSGI server instead.[0m
 * Running on http://127.0.0.1:5000
INFO:werkzeug:[33mPress CTRL+C to quit[0m
INFO:werkzeug:127.0.0.1 - - [23/Aug/2022 18:23:49] "GET / HTTP/1.1" 200 -
INFO:werkzeug:127.0.0.1 - - [23/Aug/2022 18:23:49] "[36mGET /static/style.css HTTP/1.1[0m" 304 -
INFO:root:Выполняю поиск
INFO:werkzeug:127.0.0.1 - - [23/Aug/2022 18:23:51] "GET /search/?s= HTTP/1.1" 200 -
INFO:werkzeug:127.0.0.1 - - [23/Aug/2022 18:23:51] "[36mGET /static/style.css HTTP/1.1[0m" 304 -
INFO:werkzeug:127.0.0.1 - - [23/Aug/2022 18:23:51] "[36mGET /uploads/images/Bankoboev.Ru_vecher_v_gorah_u_ozera_i_polnaya_luna.jpg HTTP/1.1[0m" 304 -
INFO:werkzeug:127.0.0.1 - - [23/Aug/2022 18:23:57] "GET /post HTTP/1.1" 200 -
INFO:werkzeug:127.0.0.1 - - [23/Aug/2022 18:23:57] "[36mGET /static/style.css HTTP/1.1[0m" 304 -
INFO:root:Загруженный файл - не картинка
INFO:werkzeug:127.0.0.1 - - [23/Aug/2022 18:24:33] "POST /post HTTP/1.1" 200 -
